<?xml version="1.0" encoding="UTF-8"?>
<testng-results ignored="0" total="3" passed="3" failed="0" skipped="0">
  <reporter-output>
  </reporter-output>
  <suite started-at="2024-08-05T09:59:01 IST" name="Default suite" finished-at="2024-08-05T09:59:33 IST" duration-ms="31302">
    <groups>
    </groups>
    <test started-at="2024-08-05T09:59:01 IST" name="Default test" finished-at="2024-08-05T09:59:33 IST" duration-ms="31302">
      <class name="profilePickerScreen.profileActions">
        <test-method is-config="true" signature="setUp()[pri:0, instance:profilePickerScreen.profileActions@5032714f]" started-at="2024-08-05T09:59:01 IST" name="setUp" finished-at="2024-08-05T09:59:03 IST" duration-ms="1806" status="PASS">
          <reporter-output>
          </reporter-output>
        </test-method> <!-- setUp -->
        <test-method signature="launchApp()[pri:0, instance:profilePickerScreen.profileActions@5032714f]" started-at="2024-08-05T09:59:03 IST" name="launchApp" finished-at="2024-08-05T09:59:14 IST" duration-ms="10630" status="PASS">
          <reporter-output>
          </reporter-output>
        </test-method> <!-- launchApp -->
        <test-method signature="signInToApp()[pri:0, instance:profilePickerScreen.profileActions@5032714f]" started-at="2024-08-05T09:59:14 IST" name="signInToApp" finished-at="2024-08-05T09:59:27 IST" duration-ms="13021" status="PASS">
          <reporter-output>
          </reporter-output>
        </test-method> <!-- signInToApp -->
        <test-method signature="AddProfile()[pri:0, instance:profilePickerScreen.profileActions@5032714f]" started-at="2024-08-05T09:59:27 IST" name="AddProfile" finished-at="2024-08-05T09:59:33 IST" duration-ms="5758" status="PASS">
          <reporter-output>
          </reporter-output>
        </test-method> <!-- AddProfile -->
      </class> <!-- profilePickerScreen.profileActions -->
    </test> <!-- Default test -->
  </suite> <!-- Default suite -->
</testng-results>
