<?xml version="1.0" encoding="UTF-8"?>
<testng-results ignored="0" total="3" passed="2" failed="1" skipped="0">
  <reporter-output>
  </reporter-output>
  <suite started-at="2024-08-04T15:25:32 IST" name="Default suite" finished-at="2024-08-04T15:29:20 IST" duration-ms="228107">
    <groups>
    </groups>
    <test started-at="2024-08-04T15:25:32 IST" name="Default test" finished-at="2024-08-04T15:29:20 IST" duration-ms="228107">
      <class name="profilePickerScreen.profileActions">
        <test-method is-config="true" signature="setUp()[pri:0, instance:profilePickerScreen.profileActions@33bc72d1]" started-at="2024-08-04T15:25:32 IST" name="setUp" finished-at="2024-08-04T15:25:34 IST" duration-ms="1420" status="PASS">
          <reporter-output>
          </reporter-output>
        </test-method> <!-- setUp -->
        <test-method signature="launchApp()[pri:0, instance:profilePickerScreen.profileActions@33bc72d1]" started-at="2024-08-04T15:25:34 IST" name="launchApp" finished-at="2024-08-04T15:25:44 IST" duration-ms="10107" status="PASS">
          <reporter-output>
          </reporter-output>
        </test-method> <!-- launchApp -->
        <test-method signature="signInToApp()[pri:0, instance:profilePickerScreen.profileActions@33bc72d1]" started-at="2024-08-04T15:25:44 IST" name="signInToApp" finished-at="2024-08-04T15:25:55 IST" duration-ms="11661" status="PASS">
          <reporter-output>
          </reporter-output>
        </test-method> <!-- signInToApp -->
        <test-method signature="AddProfile()[pri:0, instance:profilePickerScreen.profileActions@33bc72d1]" started-at="2024-08-04T15:25:55 IST" name="AddProfile" finished-at="2024-08-04T15:29:20 IST" duration-ms="204865" status="FAIL">
          <exception class="org.openqa.selenium.WebDriverException">
            <message>
              <![CDATA[disconnected: not connected to DevTools
  (failed to check if window was closed: disconnected: not connected to DevTools)
  (Session info: chrome=127.0.6533.88)
Build info: version: '4.23.0', revision: '4df0a231af'
System info: os.name: 'Linux', os.arch: 'amd64', os.version: '5.11.0-051100-generic', java.version: '17.0.10'
Driver info: org.openqa.selenium.chrome.ChromeDriver
Command: [5e1a7dea5d898bdeda30aa76f06580f2, findElement {using=xpath, value=//span//div//div[contains(@class,"gwc-avatar-profile-picker-button__edit-icon")]}]
Capabilities {acceptInsecureCerts: false, browserName: chrome, browserVersion: 127.0.6533.88, chrome: {chromedriverVersion: 127.0.6533.88 (a2d0cb026721..., userDataDir: /tmp/.org.chromium.Chromium...}, fedcm:accounts: true, goog:chromeOptions: {debuggerAddress: localhost:34297}, networkConnectionEnabled: false, pageLoadStrategy: normal, platformName: linux, proxy: Proxy(), se:cdp: ws://localhost:34297/devtoo..., se:cdpVersion: 127.0.6533.88, setWindowRect: true, strictFileInteractability: false, timeouts: {implicit: 0, pageLoad: 300000, script: 30000}, unhandledPromptBehavior: dismiss and notify, webauthn:extension:credBlob: true, webauthn:extension:largeBlob: true, webauthn:extension:minPinLength: true, webauthn:extension:prf: true, webauthn:virtualAuthenticators: true}
Session ID: 5e1a7dea5d898bdeda30aa76f06580f2]]>
            </message>
            <full-stacktrace>
              <![CDATA[org.openqa.selenium.WebDriverException: disconnected: not connected to DevTools
  (failed to check if window was closed: disconnected: not connected to DevTools)
  (Session info: chrome=127.0.6533.88)
Build info: version: '4.23.0', revision: '4df0a231af'
System info: os.name: 'Linux', os.arch: 'amd64', os.version: '5.11.0-051100-generic', java.version: '17.0.10'
Driver info: org.openqa.selenium.chrome.ChromeDriver
Command: [5e1a7dea5d898bdeda30aa76f06580f2, findElement {using=xpath, value=//span//div//div[contains(@class,"gwc-avatar-profile-picker-button__edit-icon")]}]
Capabilities {acceptInsecureCerts: false, browserName: chrome, browserVersion: 127.0.6533.88, chrome: {chromedriverVersion: 127.0.6533.88 (a2d0cb026721..., userDataDir: /tmp/.org.chromium.Chromium...}, fedcm:accounts: true, goog:chromeOptions: {debuggerAddress: localhost:34297}, networkConnectionEnabled: false, pageLoadStrategy: normal, platformName: linux, proxy: Proxy(), se:cdp: ws://localhost:34297/devtoo..., se:cdpVersion: 127.0.6533.88, setWindowRect: true, strictFileInteractability: false, timeouts: {implicit: 0, pageLoad: 300000, script: 30000}, unhandledPromptBehavior: dismiss and notify, webauthn:extension:credBlob: true, webauthn:extension:largeBlob: true, webauthn:extension:minPinLength: true, webauthn:extension:prf: true, webauthn:virtualAuthenticators: true}
Session ID: 5e1a7dea5d898bdeda30aa76f06580f2
at java.base/jdk.internal.reflect.NativeConstructorAccessorImpl.newInstance0(Native Method)
at java.base/jdk.internal.reflect.NativeConstructorAccessorImpl.newInstance(NativeConstructorAccessorImpl.java:77)
at java.base/jdk.internal.reflect.DelegatingConstructorAccessorImpl.newInstance(DelegatingConstructorAccessorImpl.java:45)
at java.base/java.lang.reflect.Constructor.newInstanceWithCaller(Constructor.java:499)
at java.base/java.lang.reflect.Constructor.newInstance(Constructor.java:480)
at org.openqa.selenium.remote.ErrorCodec.decode(ErrorCodec.java:167)
at org.openqa.selenium.remote.codec.w3c.W3CHttpResponseCodec.decode(W3CHttpResponseCodec.java:138)
at org.openqa.selenium.remote.codec.w3c.W3CHttpResponseCodec.decode(W3CHttpResponseCodec.java:50)
at org.openqa.selenium.remote.HttpCommandExecutor.execute(HttpCommandExecutor.java:190)
at org.openqa.selenium.remote.service.DriverCommandExecutor.invokeExecute(DriverCommandExecutor.java:216)
at org.openqa.selenium.remote.service.DriverCommandExecutor.execute(DriverCommandExecutor.java:174)
at org.openqa.selenium.remote.RemoteWebDriver.execute(RemoteWebDriver.java:527)
at org.openqa.selenium.remote.ElementLocation$ElementFinder$2.findElement(ElementLocation.java:165)
at org.openqa.selenium.remote.ElementLocation.findElement(ElementLocation.java:59)
at org.openqa.selenium.remote.RemoteWebDriver.findElement(RemoteWebDriver.java:357)
at org.openqa.selenium.remote.RemoteWebDriver.findElement(RemoteWebDriver.java:351)
at profilePickerScreen.profileActions.AddProfile(profileActions.java:29)
at java.base/jdk.internal.reflect.NativeMethodAccessorImpl.invoke0(Native Method)
at java.base/jdk.internal.reflect.NativeMethodAccessorImpl.invoke(NativeMethodAccessorImpl.java:77)
at java.base/jdk.internal.reflect.DelegatingMethodAccessorImpl.invoke(DelegatingMethodAccessorImpl.java:43)
at java.base/java.lang.reflect.Method.invoke(Method.java:568)
at org.testng.internal.invokers.MethodInvocationHelper.invokeMethod(MethodInvocationHelper.java:141)
at org.testng.internal.invokers.TestInvoker.invokeMethod(TestInvoker.java:686)
at org.testng.internal.invokers.TestInvoker.invokeTestMethod(TestInvoker.java:230)
at org.testng.internal.invokers.MethodRunner.runInSequence(MethodRunner.java:63)
at org.testng.internal.invokers.TestInvoker$MethodInvocationAgent.invoke(TestInvoker.java:992)
at org.testng.internal.invokers.TestInvoker.invokeTestMethods(TestInvoker.java:203)
at org.testng.internal.invokers.TestMethodWorker.invokeTestMethods(TestMethodWorker.java:154)
at org.testng.internal.invokers.TestMethodWorker.run(TestMethodWorker.java:134)
at java.base/java.util.ArrayList.forEach(ArrayList.java:1511)
at org.testng.TestRunner.privateRun(TestRunner.java:739)
at org.testng.TestRunner.run(TestRunner.java:614)
at org.testng.SuiteRunner.runTest(SuiteRunner.java:421)
at org.testng.SuiteRunner.runSequentially(SuiteRunner.java:413)
at org.testng.SuiteRunner.privateRun(SuiteRunner.java:373)
at org.testng.SuiteRunner.run(SuiteRunner.java:312)
at org.testng.SuiteRunnerWorker.runSuite(SuiteRunnerWorker.java:52)
at org.testng.SuiteRunnerWorker.run(SuiteRunnerWorker.java:95)
at org.testng.TestNG.runSuitesSequentially(TestNG.java:1274)
at org.testng.TestNG.runSuitesLocally(TestNG.java:1208)
at org.testng.TestNG.runSuites(TestNG.java:1112)
at org.testng.TestNG.run(TestNG.java:1079)
at org.testng.remote.AbstractRemoteTestNG.run(AbstractRemoteTestNG.java:115)
at org.testng.remote.RemoteTestNG.initAndRun(RemoteTestNG.java:293)
at org.testng.remote.RemoteTestNG.main(RemoteTestNG.java:91)
]]>
            </full-stacktrace>
          </exception> <!-- org.openqa.selenium.WebDriverException -->
          <reporter-output>
          </reporter-output>
        </test-method> <!-- AddProfile -->
      </class> <!-- profilePickerScreen.profileActions -->
    </test> <!-- Default test -->
  </suite> <!-- Default suite -->
</testng-results>
