<?xml version="1.0" encoding="UTF-8"?>
<!-- Generated by org.testng.reporters.JUnitXMLReporter -->
<testsuite ignored="0" failures="0" tests="3" name="Default test" time="23.671" errors="0" timestamp="2024-08-03T11:13:54 IST">
  <testcase classname="basePage.basePageOfApp" name="launchApp" time="9.783"/>
  <testcase classname="basePage.basePageOfApp" name="signInToApp" time="12.181"/>
  <testcase classname="profilePickerScreen.profileActions" name="AddProfile" time="0.367"/>
</testsuite> <!-- Default test -->
