<?xml version="1.0" encoding="UTF-8"?>
<!-- Generated by org.testng.reporters.JUnitXMLReporter -->
<testsuite ignored="0" failures="0" tests="3" name="Default test" time="31.302" errors="0" timestamp="2024-08-05T09:59:38 IST">
  <testcase classname="basePage.basePageOfApp" name="launchApp" time="10.63"/>
  <testcase classname="basePage.signInValidations" name="signInToApp" time="13.021"/>
  <testcase classname="profilePickerScreen.profileActions" name="AddProfile" time="5.758"/>
</testsuite> <!-- Default test -->
