<?xml version="1.0" encoding="UTF-8"?>
<!-- Generated by org.testng.reporters.JUnitXMLReporter -->
<testsuite ignored="0" failures="0" tests="2" name="validate the login feature with the valid credentials" time="25.99" errors="0" timestamp="2024-08-02T22:06:10 IST">
  <testcase classname="basePage.basePageOfApp" name="launchApp" time="11.057"/>
  <testcase classname="basePage.basePageOfApp" name="signInToApp" time="12.661"/>
</testsuite> <!-- validate the login feature with the valid credentials -->
